0 info it worked if it ends with ok
1 verbose cli [ '/usr/bin/nodejs',
1 verbose cli   '/usr/bin/npm',
1 verbose cli   'install',
1 verbose cli   'pigpio',
1 verbose cli   '--save' ]
2 info using npm@3.5.2
3 info using node@v4.2.6
4 silly loadCurrentTree Starting
5 silly install loadCurrentTree
6 silly install readLocalPackageData
7 silly fetchPackageMetaData pigpio
8 silly fetchNamedPackageData pigpio
9 silly mapToRegistry name pigpio
10 silly mapToRegistry using default registry
11 silly mapToRegistry registry https://registry.npmjs.org/
12 silly mapToRegistry uri https://registry.npmjs.org/pigpio
13 verbose request uri https://registry.npmjs.org/pigpio
14 verbose request no auth needed
15 info attempt registry request try #1 at 5:01:45 PM
16 verbose request id c5f1d8bc813b89bb
17 verbose etag W/"593b7182-8ac3"
18 verbose lastModified Sat, 10 Jun 2017 04:11:46 GMT
19 http request GET https://registry.npmjs.org/pigpio
20 http 304 https://registry.npmjs.org/pigpio
21 verbose headers { date: 'Sat, 10 Jun 2017 14:00:20 GMT',
21 verbose headers   via: '1.1 varnish',
21 verbose headers   'cache-control': 'max-age=300',
21 verbose headers   etag: 'W/"593b7182-8ac3"',
21 verbose headers   age: '271',
21 verbose headers   connection: 'keep-alive',
21 verbose headers   'x-served-by': 'cache-fra1244-FRA',
21 verbose headers   'x-cache': 'HIT',
21 verbose headers   'x-cache-hits': '1',
21 verbose headers   'x-timer': 'S1497103220.066696,VS0,VE0',
21 verbose headers   vary: 'Accept-Encoding' }
22 silly get cb [ 304,
22 silly get   { date: 'Sat, 10 Jun 2017 14:00:20 GMT',
22 silly get     via: '1.1 varnish',
22 silly get     'cache-control': 'max-age=300',
22 silly get     etag: 'W/"593b7182-8ac3"',
22 silly get     age: '271',
22 silly get     connection: 'keep-alive',
22 silly get     'x-served-by': 'cache-fra1244-FRA',
22 silly get     'x-cache': 'HIT',
22 silly get     'x-cache-hits': '1',
22 silly get     'x-timer': 'S1497103220.066696,VS0,VE0',
22 silly get     vary: 'Accept-Encoding' } ]
23 verbose etag https://registry.npmjs.org/pigpio from cache
24 verbose get saving pigpio to /home/rat/.npm/registry.npmjs.org/pigpio/.cache.json
25 silly install normalizeTree
26 silly loadCurrentTree Finishing
27 silly loadIdealTree Starting
28 silly install loadIdealTree
29 silly cloneCurrentTree Starting
30 silly install cloneCurrentTreeToIdealTree
31 silly cloneCurrentTree Finishing
32 silly loadShrinkwrap Starting
33 silly install loadShrinkwrap
34 silly loadShrinkwrap Finishing
35 silly loadAllDepsIntoIdealTree Starting
36 silly install loadAllDepsIntoIdealTree
37 silly resolveWithNewModule pigpio@0.6.0 checking installable status
38 silly cache add args [ 'pigpio', null ]
39 verbose cache add spec pigpio
40 silly cache add parsed spec Result {
40 silly cache add   raw: 'pigpio',
40 silly cache add   scope: null,
40 silly cache add   name: 'pigpio',
40 silly cache add   rawSpec: '',
40 silly cache add   spec: 'latest',
40 silly cache add   type: 'tag' }
41 silly addNamed pigpio@latest
42 verbose addNamed "latest" is being treated as a dist-tag for pigpio
43 info addNameTag [ 'pigpio', 'latest' ]
44 silly mapToRegistry name pigpio
45 silly mapToRegistry using default registry
46 silly mapToRegistry registry https://registry.npmjs.org/
47 silly mapToRegistry uri https://registry.npmjs.org/pigpio
48 verbose addNameTag registry:https://registry.npmjs.org/pigpio not in flight; fetching
49 verbose get https://registry.npmjs.org/pigpio not expired, no request
50 silly addNameTag next cb for pigpio with tag latest
51 silly addNamed pigpio@0.6.0
52 verbose addNamed "0.6.0" is a plain semver version for pigpio
53 silly cache afterAdd pigpio@0.6.0
54 verbose afterAdd /home/rat/.npm/pigpio/0.6.0/package/package.json not in flight; writing
55 verbose afterAdd /home/rat/.npm/pigpio/0.6.0/package/package.json written
56 silly fetchNamedPackageData bindings
57 silly mapToRegistry name bindings
58 silly mapToRegistry using default registry
59 silly mapToRegistry registry https://registry.npmjs.org/
60 silly mapToRegistry uri https://registry.npmjs.org/bindings
61 silly fetchNamedPackageData nan
62 silly mapToRegistry name nan
63 silly mapToRegistry using default registry
64 silly mapToRegistry registry https://registry.npmjs.org/
65 silly mapToRegistry uri https://registry.npmjs.org/nan
66 verbose request uri https://registry.npmjs.org/bindings
67 verbose request no auth needed
68 info attempt registry request try #1 at 5:01:46 PM
69 verbose etag W/"59234f99-46bf"
70 verbose lastModified Mon, 22 May 2017 20:52:41 GMT
71 http request GET https://registry.npmjs.org/bindings
72 verbose request uri https://registry.npmjs.org/nan
73 verbose request no auth needed
74 info attempt registry request try #1 at 5:01:46 PM
75 verbose etag W/"592dfb8f-1f9f8"
76 verbose lastModified Tue, 30 May 2017 23:09:03 GMT
77 http request GET https://registry.npmjs.org/nan
78 http 304 https://registry.npmjs.org/bindings
79 verbose headers { date: 'Sat, 10 Jun 2017 14:00:20 GMT',
79 verbose headers   via: '1.1 varnish',
79 verbose headers   'cache-control': 'max-age=300',
79 verbose headers   etag: 'W/"59234f99-46bf"',
79 verbose headers   age: '298',
79 verbose headers   connection: 'keep-alive',
79 verbose headers   'x-served-by': 'cache-fra1236-FRA',
79 verbose headers   'x-cache': 'HIT',
79 verbose headers   'x-cache-hits': '1',
79 verbose headers   'x-timer': 'S1497103220.434912,VS0,VE1',
79 verbose headers   vary: 'Accept-Encoding' }
80 silly get cb [ 304,
80 silly get   { date: 'Sat, 10 Jun 2017 14:00:20 GMT',
80 silly get     via: '1.1 varnish',
80 silly get     'cache-control': 'max-age=300',
80 silly get     etag: 'W/"59234f99-46bf"',
80 silly get     age: '298',
80 silly get     connection: 'keep-alive',
80 silly get     'x-served-by': 'cache-fra1236-FRA',
80 silly get     'x-cache': 'HIT',
80 silly get     'x-cache-hits': '1',
80 silly get     'x-timer': 'S1497103220.434912,VS0,VE1',
80 silly get     vary: 'Accept-Encoding' } ]
81 verbose etag https://registry.npmjs.org/bindings from cache
82 verbose get saving bindings to /home/rat/.npm/registry.npmjs.org/bindings/.cache.json
83 silly resolveWithNewModule bindings@1.2.1 checking installable status
84 silly cache add args [ 'bindings@~1.2.1', null ]
85 verbose cache add spec bindings@~1.2.1
86 silly cache add parsed spec Result {
86 silly cache add   raw: 'bindings@~1.2.1',
86 silly cache add   scope: null,
86 silly cache add   name: 'bindings',
86 silly cache add   rawSpec: '~1.2.1',
86 silly cache add   spec: '>=1.2.1 <1.3.0',
86 silly cache add   type: 'range' }
87 silly addNamed bindings@>=1.2.1 <1.3.0
88 verbose addNamed ">=1.2.1 <1.3.0" is a valid semver range for bindings
89 silly addNameRange { name: 'bindings', range: '>=1.2.1 <1.3.0', hasData: false }
90 silly mapToRegistry name bindings
91 silly mapToRegistry using default registry
92 silly mapToRegistry registry https://registry.npmjs.org/
93 silly mapToRegistry uri https://registry.npmjs.org/bindings
94 verbose addNameRange registry:https://registry.npmjs.org/bindings not in flight; fetching
95 http 304 https://registry.npmjs.org/nan
96 verbose headers { date: 'Sat, 10 Jun 2017 14:00:20 GMT',
96 verbose headers   via: '1.1 varnish',
96 verbose headers   'cache-control': 'max-age=300',
96 verbose headers   etag: 'W/"592dfb8f-1f9f8"',
96 verbose headers   age: '132',
96 verbose headers   connection: 'keep-alive',
96 verbose headers   'x-served-by': 'cache-fra1220-FRA',
96 verbose headers   'x-cache': 'HIT',
96 verbose headers   'x-cache-hits': '2',
96 verbose headers   'x-timer': 'S1497103220.445915,VS0,VE0',
96 verbose headers   vary: 'Accept-Encoding' }
97 silly get cb [ 304,
97 silly get   { date: 'Sat, 10 Jun 2017 14:00:20 GMT',
97 silly get     via: '1.1 varnish',
97 silly get     'cache-control': 'max-age=300',
97 silly get     etag: 'W/"592dfb8f-1f9f8"',
97 silly get     age: '132',
97 silly get     connection: 'keep-alive',
97 silly get     'x-served-by': 'cache-fra1220-FRA',
97 silly get     'x-cache': 'HIT',
97 silly get     'x-cache-hits': '2',
97 silly get     'x-timer': 'S1497103220.445915,VS0,VE0',
97 silly get     vary: 'Accept-Encoding' } ]
98 verbose etag https://registry.npmjs.org/nan from cache
99 verbose get saving nan to /home/rat/.npm/registry.npmjs.org/nan/.cache.json
100 verbose get https://registry.npmjs.org/bindings not expired, no request
101 silly addNameRange number 2 { name: 'bindings', range: '>=1.2.1 <1.3.0', hasData: true }
102 silly addNameRange versions [ 'bindings',
102 silly addNameRange   [ '0.0.1',
102 silly addNameRange     '0.1.0',
102 silly addNameRange     '0.1.1',
102 silly addNameRange     '0.2.0',
102 silly addNameRange     '0.2.1',
102 silly addNameRange     '0.2.2',
102 silly addNameRange     '0.2.3',
102 silly addNameRange     '0.2.4',
102 silly addNameRange     '0.3.0',
102 silly addNameRange     '0.4.0',
102 silly addNameRange     '1.0.0',
102 silly addNameRange     '1.1.0',
102 silly addNameRange     '1.1.1',
102 silly addNameRange     '1.2.0',
102 silly addNameRange     '1.2.1' ] ]
103 silly addNamed bindings@1.2.1
104 verbose addNamed "1.2.1" is a plain semver version for bindings
105 silly cache afterAdd bindings@1.2.1
106 verbose afterAdd /home/rat/.npm/bindings/1.2.1/package/package.json not in flight; writing
107 silly resolveWithNewModule nan@2.6.2 checking installable status
108 silly cache add args [ 'nan@~2.6.2', null ]
109 verbose cache add spec nan@~2.6.2
110 silly cache add parsed spec Result {
110 silly cache add   raw: 'nan@~2.6.2',
110 silly cache add   scope: null,
110 silly cache add   name: 'nan',
110 silly cache add   rawSpec: '~2.6.2',
110 silly cache add   spec: '>=2.6.2 <2.7.0',
110 silly cache add   type: 'range' }
111 silly addNamed nan@>=2.6.2 <2.7.0
112 verbose addNamed ">=2.6.2 <2.7.0" is a valid semver range for nan
113 silly addNameRange { name: 'nan', range: '>=2.6.2 <2.7.0', hasData: false }
114 silly mapToRegistry name nan
115 silly mapToRegistry using default registry
116 silly mapToRegistry registry https://registry.npmjs.org/
117 silly mapToRegistry uri https://registry.npmjs.org/nan
118 verbose addNameRange registry:https://registry.npmjs.org/nan not in flight; fetching
119 verbose get https://registry.npmjs.org/nan not expired, no request
120 silly addNameRange number 2 { name: 'nan', range: '>=2.6.2 <2.7.0', hasData: true }
121 silly addNameRange versions [ 'nan',
121 silly addNameRange   [ '0.3.0-wip',
121 silly addNameRange     '0.3.0-wip2',
121 silly addNameRange     '0.3.0',
121 silly addNameRange     '0.3.1',
121 silly addNameRange     '0.3.2',
121 silly addNameRange     '0.4.0',
121 silly addNameRange     '0.4.1',
121 silly addNameRange     '0.4.2',
121 silly addNameRange     '0.4.3',
121 silly addNameRange     '0.4.4',
121 silly addNameRange     '0.5.0',
121 silly addNameRange     '0.5.1',
121 silly addNameRange     '0.5.2',
121 silly addNameRange     '0.6.0',
121 silly addNameRange     '0.7.0',
121 silly addNameRange     '0.7.1',
121 silly addNameRange     '0.8.0',
121 silly addNameRange     '1.0.0',
121 silly addNameRange     '1.1.0',
121 silly addNameRange     '1.1.1',
121 silly addNameRange     '1.1.2',
121 silly addNameRange     '1.2.0',
121 silly addNameRange     '1.3.0',
121 silly addNameRange     '1.4.0',
121 silly addNameRange     '1.4.1',
121 silly addNameRange     '1.5.0',
121 silly addNameRange     '1.4.2',
121 silly addNameRange     '1.4.3',
121 silly addNameRange     '1.5.1',
121 silly addNameRange     '1.5.2',
121 silly addNameRange     '1.6.0',
121 silly addNameRange     '1.5.3',
121 silly addNameRange     '1.6.1',
121 silly addNameRange     '1.6.2',
121 silly addNameRange     '1.7.0',
121 silly addNameRange     '1.8.0',
121 silly addNameRange     '1.8.1',
121 silly addNameRange     '1.8.2',
121 silly addNameRange     '1.8.3',
121 silly addNameRange     '1.8.4',
121 silly addNameRange     '1.9.0',
121 silly addNameRange     '2.0.0',
121 silly addNameRange     '2.0.1',
121 silly addNameRange     '2.0.2',
121 silly addNameRange     '2.0.3',
121 silly addNameRange     '2.0.4',
121 silly addNameRange     '2.0.5',
121 silly addNameRange     '2.0.6',
121 silly addNameRange     '2.0.7',
121 silly addNameRange     '2.0.8',
121 silly addNameRange     '2.0.9',
121 silly addNameRange     '2.1.0',
121 silly addNameRange     '2.2.0',
121 silly addNameRange     '2.2.1',
121 silly addNameRange     '2.3.0',
121 silly addNameRange     '2.3.1',
121 silly addNameRange     '2.3.2',
121 silly addNameRange     '2.3.3',
121 silly addNameRange     '2.3.4',
121 silly addNameRange     '2.3.5',
121 silly addNameRange     '2.4.0',
121 silly addNameRange     '2.5.0',
121 silly addNameRange     '2.5.1',
121 silly addNameRange     '2.6.0',
121 silly addNameRange     '2.6.1',
121 silly addNameRange     '2.6.2' ] ]
122 silly addNamed nan@2.6.2
123 verbose addNamed "2.6.2" is a plain semver version for nan
124 verbose afterAdd /home/rat/.npm/bindings/1.2.1/package/package.json written
125 silly cache afterAdd nan@2.6.2
126 verbose afterAdd /home/rat/.npm/nan/2.6.2/package/package.json not in flight; writing
127 verbose afterAdd /home/rat/.npm/nan/2.6.2/package/package.json written
128 silly loadAllDepsIntoIdealTree Finishing
129 silly idealTree:prePrune smarth@1.0.0
129 silly idealTree:prePrune ├── accepts@1.3.3
129 silly idealTree:prePrune ├── after@0.8.1
129 silly idealTree:prePrune ├── array-flatten@1.1.1
129 silly idealTree:prePrune ├── arraybuffer.slice@0.0.6
129 silly idealTree:prePrune ├── backo2@1.0.2
129 silly idealTree:prePrune ├── base64-arraybuffer@0.1.5
129 silly idealTree:prePrune ├── base64id@0.1.0
129 silly idealTree:prePrune ├── benchmark@1.0.0
129 silly idealTree:prePrune ├── better-assert@1.0.2
129 silly idealTree:prePrune ├── bindings@1.2.1
129 silly idealTree:prePrune ├── blob@0.0.4
129 silly idealTree:prePrune ├── callsite@1.0.0
129 silly idealTree:prePrune ├── component-bind@1.0.0
129 silly idealTree:prePrune ├── component-emitter@1.1.2
129 silly idealTree:prePrune ├── component-inherit@0.0.3
129 silly idealTree:prePrune ├── content-disposition@0.5.1
129 silly idealTree:prePrune ├── content-type@1.0.2
129 silly idealTree:prePrune ├── cookie-signature@1.0.6
129 silly idealTree:prePrune ├── cookie@0.3.1
129 silly idealTree:prePrune ├── debug@2.2.0
129 silly idealTree:prePrune ├── depd@1.1.0
129 silly idealTree:prePrune ├── destroy@1.0.4
129 silly idealTree:prePrune ├── ee-first@1.1.1
129 silly idealTree:prePrune ├── encodeurl@1.0.1
129 silly idealTree:prePrune ├── engine.io-client@1.7.0
129 silly idealTree:prePrune ├─┬ engine.io-parser@1.3.0
129 silly idealTree:prePrune │ └── has-binary@0.1.6
129 silly idealTree:prePrune ├── engine.io@1.7.0
129 silly idealTree:prePrune ├── escape-html@1.0.3
129 silly idealTree:prePrune ├── etag@1.7.0
129 silly idealTree:prePrune ├── express@4.14.0
129 silly idealTree:prePrune ├── finalhandler@0.5.0
129 silly idealTree:prePrune ├── forwarded@0.1.0
129 silly idealTree:prePrune ├── fresh@0.3.0
129 silly idealTree:prePrune ├── has-binary@0.1.7
129 silly idealTree:prePrune ├── has-cors@1.1.0
129 silly idealTree:prePrune ├── http-errors@1.5.0
129 silly idealTree:prePrune ├── indexof@0.0.1
129 silly idealTree:prePrune ├── inherits@2.0.1
129 silly idealTree:prePrune ├── ipaddr.js@1.1.1
129 silly idealTree:prePrune ├── isarray@0.0.1
129 silly idealTree:prePrune ├── json3@3.2.6
129 silly idealTree:prePrune ├── media-typer@0.3.0
129 silly idealTree:prePrune ├── merge-descriptors@1.0.1
129 silly idealTree:prePrune ├── methods@1.1.2
129 silly idealTree:prePrune ├── mime-db@1.24.0
129 silly idealTree:prePrune ├── mime-types@2.1.12
129 silly idealTree:prePrune ├── mime@1.3.4
129 silly idealTree:prePrune ├── ms@0.7.1
129 silly idealTree:prePrune ├── nan@2.6.2
129 silly idealTree:prePrune ├── negotiator@0.6.1
129 silly idealTree:prePrune ├── object-component@0.0.3
129 silly idealTree:prePrune ├── oled-font-5x7@1.0.0
129 silly idealTree:prePrune ├── oled-js@4.0.2
129 silly idealTree:prePrune ├── on-finished@2.3.0
129 silly idealTree:prePrune ├── options@0.0.6
129 silly idealTree:prePrune ├── parsejson@0.0.1
129 silly idealTree:prePrune ├── parseqs@0.0.2
129 silly idealTree:prePrune ├── parseuri@0.0.4
129 silly idealTree:prePrune ├── parseurl@1.3.1
129 silly idealTree:prePrune ├── path-to-regexp@0.1.7
129 silly idealTree:prePrune ├── pigpio@0.6.0
129 silly idealTree:prePrune ├── proxy-addr@1.1.2
129 silly idealTree:prePrune ├── qs@6.2.0
129 silly idealTree:prePrune ├── range-parser@1.2.0
129 silly idealTree:prePrune ├── send@0.14.1
129 silly idealTree:prePrune ├─┬ serialport
129 silly idealTree:prePrune │ └─┬ node-pre-gyp
129 silly idealTree:prePrune │   ├─┬ npmlog
129 silly idealTree:prePrune │   │ └── gauge
129 silly idealTree:prePrune │   ├── rc
129 silly idealTree:prePrune │   └─┬ request
129 silly idealTree:prePrune │     └── http-signature
129 silly idealTree:prePrune ├── serve-static@1.11.1
129 silly idealTree:prePrune ├── setprototypeof@1.0.1
129 silly idealTree:prePrune ├─┬ socket.io-adapter@0.4.0
129 silly idealTree:prePrune │ └─┬ socket.io-parser@2.2.2
129 silly idealTree:prePrune │   └── debug@0.7.4
129 silly idealTree:prePrune ├─┬ socket.io-client@1.5.0
129 silly idealTree:prePrune │ └── component-emitter@1.2.0
129 silly idealTree:prePrune ├─┬ socket.io-parser@2.2.6
129 silly idealTree:prePrune │ └── json3@3.3.2
129 silly idealTree:prePrune ├── socket.io@1.5.0
129 silly idealTree:prePrune ├── statuses@1.3.0
129 silly idealTree:prePrune ├── to-array@0.1.4
129 silly idealTree:prePrune ├── type-is@1.6.13
129 silly idealTree:prePrune ├── ultron@1.0.2
129 silly idealTree:prePrune ├── unpipe@1.0.0
129 silly idealTree:prePrune ├── utils-merge@1.0.0
129 silly idealTree:prePrune ├── vary@1.1.0
129 silly idealTree:prePrune ├── ws@1.1.1
129 silly idealTree:prePrune ├── wtf-8@1.0.0
129 silly idealTree:prePrune ├── xmlhttprequest-ssl@1.5.1
129 silly idealTree:prePrune └── yeast@0.1.2
130 silly loadIdealTree Finishing
131 silly currentTree smarth@1.0.0
131 silly currentTree ├── accepts@1.3.3
131 silly currentTree ├── after@0.8.1
131 silly currentTree ├── array-flatten@1.1.1
131 silly currentTree ├── arraybuffer.slice@0.0.6
131 silly currentTree ├── backo2@1.0.2
131 silly currentTree ├── base64-arraybuffer@0.1.5
131 silly currentTree ├── base64id@0.1.0
131 silly currentTree ├── benchmark@1.0.0
131 silly currentTree ├── better-assert@1.0.2
131 silly currentTree ├── blob@0.0.4
131 silly currentTree ├── callsite@1.0.0
131 silly currentTree ├── component-bind@1.0.0
131 silly currentTree ├── component-emitter@1.1.2
131 silly currentTree ├── component-inherit@0.0.3
131 silly currentTree ├── content-disposition@0.5.1
131 silly currentTree ├── content-type@1.0.2
131 silly currentTree ├── cookie-signature@1.0.6
131 silly currentTree ├── cookie@0.3.1
131 silly currentTree ├── debug@2.2.0
131 silly currentTree ├── depd@1.1.0
131 silly currentTree ├── destroy@1.0.4
131 silly currentTree ├── ee-first@1.1.1
131 silly currentTree ├── encodeurl@1.0.1
131 silly currentTree ├── engine.io-client@1.7.0
131 silly currentTree ├─┬ engine.io-parser@1.3.0
131 silly currentTree │ └── has-binary@0.1.6
131 silly currentTree ├── engine.io@1.7.0
131 silly currentTree ├── escape-html@1.0.3
131 silly currentTree ├── etag@1.7.0
131 silly currentTree ├── express@4.14.0
131 silly currentTree ├── finalhandler@0.5.0
131 silly currentTree ├── forwarded@0.1.0
131 silly currentTree ├── fresh@0.3.0
131 silly currentTree ├── has-binary@0.1.7
131 silly currentTree ├── has-cors@1.1.0
131 silly currentTree ├── http-errors@1.5.0
131 silly currentTree ├── indexof@0.0.1
131 silly currentTree ├── inherits@2.0.1
131 silly currentTree ├── ipaddr.js@1.1.1
131 silly currentTree ├── isarray@0.0.1
131 silly currentTree ├── json3@3.2.6
131 silly currentTree ├── media-typer@0.3.0
131 silly currentTree ├── merge-descriptors@1.0.1
131 silly currentTree ├── methods@1.1.2
131 silly currentTree ├── mime-db@1.24.0
131 silly currentTree ├── mime-types@2.1.12
131 silly currentTree ├── mime@1.3.4
131 silly currentTree ├── ms@0.7.1
131 silly currentTree ├── negotiator@0.6.1
131 silly currentTree ├── object-component@0.0.3
131 silly currentTree ├── oled-font-5x7@1.0.0
131 silly currentTree ├── oled-js@4.0.2
131 silly currentTree ├── on-finished@2.3.0
131 silly currentTree ├── options@0.0.6
131 silly currentTree ├── parsejson@0.0.1
131 silly currentTree ├── parseqs@0.0.2
131 silly currentTree ├── parseuri@0.0.4
131 silly currentTree ├── parseurl@1.3.1
131 silly currentTree ├── path-to-regexp@0.1.7
131 silly currentTree ├── proxy-addr@1.1.2
131 silly currentTree ├── qs@6.2.0
131 silly currentTree ├── range-parser@1.2.0
131 silly currentTree ├── send@0.14.1
131 silly currentTree ├─┬ serialport
131 silly currentTree │ └─┬ node-pre-gyp
131 silly currentTree │   ├─┬ npmlog
131 silly currentTree │   │ └── gauge
131 silly currentTree │   ├── rc
131 silly currentTree │   └─┬ request
131 silly currentTree │     └── http-signature
131 silly currentTree ├── serve-static@1.11.1
131 silly currentTree ├── setprototypeof@1.0.1
131 silly currentTree ├─┬ socket.io-adapter@0.4.0
131 silly currentTree │ └─┬ socket.io-parser@2.2.2
131 silly currentTree │   └── debug@0.7.4
131 silly currentTree ├─┬ socket.io-client@1.5.0
131 silly currentTree │ └── component-emitter@1.2.0
131 silly currentTree ├─┬ socket.io-parser@2.2.6
131 silly currentTree │ └── json3@3.3.2
131 silly currentTree ├── socket.io@1.5.0
131 silly currentTree ├── statuses@1.3.0
131 silly currentTree ├── to-array@0.1.4
131 silly currentTree ├── type-is@1.6.13
131 silly currentTree ├── ultron@1.0.2
131 silly currentTree ├── unpipe@1.0.0
131 silly currentTree ├── utils-merge@1.0.0
131 silly currentTree ├── vary@1.1.0
131 silly currentTree ├── ws@1.1.1
131 silly currentTree ├── wtf-8@1.0.0
131 silly currentTree ├── xmlhttprequest-ssl@1.5.1
131 silly currentTree └── yeast@0.1.2
132 silly idealTree smarth@1.0.0
132 silly idealTree ├── accepts@1.3.3
132 silly idealTree ├── after@0.8.1
132 silly idealTree ├── array-flatten@1.1.1
132 silly idealTree ├── arraybuffer.slice@0.0.6
132 silly idealTree ├── backo2@1.0.2
132 silly idealTree ├── base64-arraybuffer@0.1.5
132 silly idealTree ├── base64id@0.1.0
132 silly idealTree ├── benchmark@1.0.0
132 silly idealTree ├── better-assert@1.0.2
132 silly idealTree ├── bindings@1.2.1
132 silly idealTree ├── blob@0.0.4
132 silly idealTree ├── callsite@1.0.0
132 silly idealTree ├── component-bind@1.0.0
132 silly idealTree ├── component-emitter@1.1.2
132 silly idealTree ├── component-inherit@0.0.3
132 silly idealTree ├── content-disposition@0.5.1
132 silly idealTree ├── content-type@1.0.2
132 silly idealTree ├── cookie-signature@1.0.6
132 silly idealTree ├── cookie@0.3.1
132 silly idealTree ├── debug@2.2.0
132 silly idealTree ├── depd@1.1.0
132 silly idealTree ├── destroy@1.0.4
132 silly idealTree ├── ee-first@1.1.1
132 silly idealTree ├── encodeurl@1.0.1
132 silly idealTree ├── engine.io-client@1.7.0
132 silly idealTree ├─┬ engine.io-parser@1.3.0
132 silly idealTree │ └── has-binary@0.1.6
132 silly idealTree ├── engine.io@1.7.0
132 silly idealTree ├── escape-html@1.0.3
132 silly idealTree ├── etag@1.7.0
132 silly idealTree ├── express@4.14.0
132 silly idealTree ├── finalhandler@0.5.0
132 silly idealTree ├── forwarded@0.1.0
132 silly idealTree ├── fresh@0.3.0
132 silly idealTree ├── has-binary@0.1.7
132 silly idealTree ├── has-cors@1.1.0
132 silly idealTree ├── http-errors@1.5.0
132 silly idealTree ├── indexof@0.0.1
132 silly idealTree ├── inherits@2.0.1
132 silly idealTree ├── ipaddr.js@1.1.1
132 silly idealTree ├── isarray@0.0.1
132 silly idealTree ├── json3@3.2.6
132 silly idealTree ├── media-typer@0.3.0
132 silly idealTree ├── merge-descriptors@1.0.1
132 silly idealTree ├── methods@1.1.2
132 silly idealTree ├── mime-db@1.24.0
132 silly idealTree ├── mime-types@2.1.12
132 silly idealTree ├── mime@1.3.4
132 silly idealTree ├── ms@0.7.1
132 silly idealTree ├── nan@2.6.2
132 silly idealTree ├── negotiator@0.6.1
132 silly idealTree ├── object-component@0.0.3
132 silly idealTree ├── oled-font-5x7@1.0.0
132 silly idealTree ├── oled-js@4.0.2
132 silly idealTree ├── on-finished@2.3.0
132 silly idealTree ├── options@0.0.6
132 silly idealTree ├── parsejson@0.0.1
132 silly idealTree ├── parseqs@0.0.2
132 silly idealTree ├── parseuri@0.0.4
132 silly idealTree ├── parseurl@1.3.1
132 silly idealTree ├── path-to-regexp@0.1.7
132 silly idealTree ├── pigpio@0.6.0
132 silly idealTree ├── proxy-addr@1.1.2
132 silly idealTree ├── qs@6.2.0
132 silly idealTree ├── range-parser@1.2.0
132 silly idealTree ├── send@0.14.1
132 silly idealTree ├── serialport
132 silly idealTree ├── serve-static@1.11.1
132 silly idealTree ├── setprototypeof@1.0.1
132 silly idealTree ├─┬ socket.io-adapter@0.4.0
132 silly idealTree │ └─┬ socket.io-parser@2.2.2
132 silly idealTree │   └── debug@0.7.4
132 silly idealTree ├─┬ socket.io-client@1.5.0
132 silly idealTree │ └── component-emitter@1.2.0
132 silly idealTree ├─┬ socket.io-parser@2.2.6
132 silly idealTree │ └── json3@3.3.2
132 silly idealTree ├── socket.io@1.5.0
132 silly idealTree ├── statuses@1.3.0
132 silly idealTree ├── to-array@0.1.4
132 silly idealTree ├── type-is@1.6.13
132 silly idealTree ├── ultron@1.0.2
132 silly idealTree ├── unpipe@1.0.0
132 silly idealTree ├── utils-merge@1.0.0
132 silly idealTree ├── vary@1.1.0
132 silly idealTree ├── ws@1.1.1
132 silly idealTree ├── wtf-8@1.0.0
132 silly idealTree ├── xmlhttprequest-ssl@1.5.1
132 silly idealTree └── yeast@0.1.2
133 silly generateActionsToTake Starting
134 silly install generateActionsToTake
135 silly generateActionsToTake Finishing
136 silly diffTrees action count 11
137 silly diffTrees add bindings@1.2.1
138 silly diffTrees add nan@2.6.2
139 silly diffTrees update oled-font-5x7@1.0.0
140 silly diffTrees update oled-js@4.0.2
141 silly diffTrees add pigpio@0.6.0
142 silly diffTrees remove node-pre-gyp
143 silly diffTrees remove npmlog
144 silly diffTrees remove gauge
145 silly diffTrees remove rc
146 silly diffTrees remove request
147 silly diffTrees remove http-signature
148 silly decomposeActions action count 46
149 silly decomposeActions fetch bindings@1.2.1
150 silly decomposeActions extract bindings@1.2.1
151 silly decomposeActions test bindings@1.2.1
152 silly decomposeActions preinstall bindings@1.2.1
153 silly decomposeActions build bindings@1.2.1
154 silly decomposeActions install bindings@1.2.1
155 silly decomposeActions postinstall bindings@1.2.1
156 silly decomposeActions finalize bindings@1.2.1
157 silly decomposeActions fetch nan@2.6.2
158 silly decomposeActions extract nan@2.6.2
159 silly decomposeActions test nan@2.6.2
160 silly decomposeActions preinstall nan@2.6.2
161 silly decomposeActions build nan@2.6.2
162 silly decomposeActions install nan@2.6.2
163 silly decomposeActions postinstall nan@2.6.2
164 silly decomposeActions finalize nan@2.6.2
165 silly decomposeActions fetch oled-font-5x7@1.0.0
166 silly decomposeActions extract oled-font-5x7@1.0.0
167 silly decomposeActions test oled-font-5x7@1.0.0
168 silly decomposeActions preinstall oled-font-5x7@1.0.0
169 silly decomposeActions build oled-font-5x7@1.0.0
170 silly decomposeActions install oled-font-5x7@1.0.0
171 silly decomposeActions postinstall oled-font-5x7@1.0.0
172 silly decomposeActions finalize oled-font-5x7@1.0.0
173 silly decomposeActions fetch oled-js@4.0.2
174 silly decomposeActions extract oled-js@4.0.2
175 silly decomposeActions test oled-js@4.0.2
176 silly decomposeActions preinstall oled-js@4.0.2
177 silly decomposeActions build oled-js@4.0.2
178 silly decomposeActions install oled-js@4.0.2
179 silly decomposeActions postinstall oled-js@4.0.2
180 silly decomposeActions finalize oled-js@4.0.2
181 silly decomposeActions fetch pigpio@0.6.0
182 silly decomposeActions extract pigpio@0.6.0
183 silly decomposeActions test pigpio@0.6.0
184 silly decomposeActions preinstall pigpio@0.6.0
185 silly decomposeActions build pigpio@0.6.0
186 silly decomposeActions install pigpio@0.6.0
187 silly decomposeActions postinstall pigpio@0.6.0
188 silly decomposeActions finalize pigpio@0.6.0
189 silly decomposeActions remove node-pre-gyp
190 silly decomposeActions remove npmlog
191 silly decomposeActions remove gauge
192 silly decomposeActions remove rc
193 silly decomposeActions remove request
194 silly decomposeActions remove http-signature
195 silly executeActions Starting
196 silly install executeActions
197 silly doSerial global-install 0
198 silly doParallel fetch 5
199 verbose lock using /home/rat/.npm/_locks/staging-c1cd4c929aa3056d.lock for /home/rat/Licenta/SmartH/node_modules/.staging
200 silly doParallel extract 5
201 silly extract bindings@1.2.1
202 silly extract nan@2.6.2
203 silly extract oled-font-5x7@1.0.0
204 silly extract oled-js@4.0.2
205 silly extract pigpio@0.6.0
206 verbose unbuild node_modules/.staging/bindings-b3357720
207 verbose unbuild node_modules/.staging/nan-1fbda1fd
208 verbose unbuild node_modules/.staging/oled-font-5x7-97963e61
209 verbose unbuild node_modules/.staging/oled-js-be25c3fb
210 verbose unbuild node_modules/.staging/pigpio-28b7a024
211 silly gentlyRm /home/rat/Licenta/SmartH/node_modules/.staging/bindings-b3357720 is being purged from base /home/rat/Licenta/SmartH
212 verbose gentlyRm don't care about contents; nuking /home/rat/Licenta/SmartH/node_modules/.staging/bindings-b3357720
213 silly gentlyRm /home/rat/Licenta/SmartH/node_modules/.staging/nan-1fbda1fd is being purged from base /home/rat/Licenta/SmartH
214 verbose gentlyRm don't care about contents; nuking /home/rat/Licenta/SmartH/node_modules/.staging/nan-1fbda1fd
215 silly gentlyRm /home/rat/Licenta/SmartH/node_modules/.staging/oled-font-5x7-97963e61 is being purged from base /home/rat/Licenta/SmartH
216 verbose gentlyRm don't care about contents; nuking /home/rat/Licenta/SmartH/node_modules/.staging/oled-font-5x7-97963e61
217 silly gentlyRm /home/rat/Licenta/SmartH/node_modules/.staging/oled-js-be25c3fb is being purged from base /home/rat/Licenta/SmartH
218 verbose gentlyRm don't care about contents; nuking /home/rat/Licenta/SmartH/node_modules/.staging/oled-js-be25c3fb
219 silly gentlyRm /home/rat/Licenta/SmartH/node_modules/.staging/pigpio-28b7a024 is being purged from base /home/rat/Licenta/SmartH
220 verbose gentlyRm don't care about contents; nuking /home/rat/Licenta/SmartH/node_modules/.staging/pigpio-28b7a024
221 verbose tar unpack /home/rat/.npm/bindings/1.2.1/package.tgz
222 verbose tar unpacking to /home/rat/Licenta/SmartH/node_modules/.staging/bindings-b3357720
223 silly gentlyRm /home/rat/Licenta/SmartH/node_modules/.staging/bindings-b3357720 is being purged
224 verbose gentlyRm don't care about contents; nuking /home/rat/Licenta/SmartH/node_modules/.staging/bindings-b3357720
225 verbose tar unpack /home/rat/.npm/nan/2.6.2/package.tgz
226 verbose tar unpacking to /home/rat/Licenta/SmartH/node_modules/.staging/nan-1fbda1fd
227 silly gentlyRm /home/rat/Licenta/SmartH/node_modules/.staging/nan-1fbda1fd is being purged
228 verbose gentlyRm don't care about contents; nuking /home/rat/Licenta/SmartH/node_modules/.staging/nan-1fbda1fd
229 verbose tar unpack /home/rat/.npm/oled-font-5x7/1.0.0/package.tgz
230 verbose tar unpacking to /home/rat/Licenta/SmartH/node_modules/.staging/oled-font-5x7-97963e61
231 silly gentlyRm /home/rat/Licenta/SmartH/node_modules/.staging/oled-font-5x7-97963e61 is being purged
232 verbose gentlyRm don't care about contents; nuking /home/rat/Licenta/SmartH/node_modules/.staging/oled-font-5x7-97963e61
233 verbose tar unpack /home/rat/.npm/oled-js/4.0.2/package.tgz
234 verbose tar unpacking to /home/rat/Licenta/SmartH/node_modules/.staging/oled-js-be25c3fb
235 silly gentlyRm /home/rat/Licenta/SmartH/node_modules/.staging/oled-js-be25c3fb is being purged
236 verbose gentlyRm don't care about contents; nuking /home/rat/Licenta/SmartH/node_modules/.staging/oled-js-be25c3fb
237 verbose tar unpack /home/rat/.npm/pigpio/0.6.0/package.tgz
238 verbose tar unpacking to /home/rat/Licenta/SmartH/node_modules/.staging/pigpio-28b7a024
239 silly gentlyRm /home/rat/Licenta/SmartH/node_modules/.staging/pigpio-28b7a024 is being purged
240 verbose gentlyRm don't care about contents; nuking /home/rat/Licenta/SmartH/node_modules/.staging/pigpio-28b7a024
241 silly gunzTarPerm modes [ '755', '644' ]
242 silly gunzTarPerm modes [ '755', '644' ]
243 silly gunzTarPerm modes [ '755', '644' ]
244 silly gunzTarPerm modes [ '755', '644' ]
245 silly gunzTarPerm modes [ '755', '644' ]
246 silly gunzTarPerm extractEntry package.json
247 silly gunzTarPerm extractEntry package.json
248 silly gunzTarPerm modified mode [ 'package.json', 436, 420 ]
249 silly gunzTarPerm extractEntry package.json
250 silly gunzTarPerm extractEntry package.json
251 silly gunzTarPerm extractEntry package.json
252 silly gunzTarPerm modified mode [ 'package.json', 436, 420 ]
253 silly gunzTarPerm extractEntry README.md
254 silly gunzTarPerm extractEntry bindings.js
255 silly gunzTarPerm extractEntry README.md
256 silly gunzTarPerm modified mode [ 'README.md', 436, 420 ]
257 silly gunzTarPerm extractEntry README.md
258 silly gunzTarPerm extractEntry LICENSE
259 silly gunzTarPerm extractEntry .npmignore
260 silly gunzTarPerm extractEntry README.md
261 silly gunzTarPerm extractEntry .npmignore
262 silly gunzTarPerm modified mode [ '.npmignore', 436, 420 ]
263 silly gunzTarPerm extractEntry README.md
264 silly gunzTarPerm modified mode [ 'README.md', 436, 420 ]
265 silly gunzTarPerm extractEntry include_dirs.js
266 silly gunzTarPerm modified mode [ 'include_dirs.js', 436, 420 ]
267 silly gunzTarPerm extractEntry nan_converters_43_inl.h
268 silly gunzTarPerm modified mode [ 'nan_converters_43_inl.h', 436, 420 ]
269 silly gunzTarPerm extractEntry LICENSE.md
270 silly gunzTarPerm modified mode [ 'LICENSE.md', 436, 420 ]
271 silly gunzTarPerm extractEntry doc/new.md
272 silly gunzTarPerm modified mode [ 'doc/new.md', 436, 420 ]
273 silly gunzTarPerm extractEntry oled-font-5x7.js
274 silly gunzTarPerm extractEntry oled.js
275 silly gunzTarPerm extractEntry LICENSE
276 silly gunzTarPerm modified mode [ 'LICENSE', 436, 420 ]
277 silly gunzTarPerm extractEntry pigpio.js
278 silly gunzTarPerm modified mode [ 'pigpio.js', 436, 420 ]
279 silly gunzTarPerm extractEntry CONTRIBUTING.md
280 silly gunzTarPerm extractEntry doc/asyncworker.md
281 silly gunzTarPerm modified mode [ 'doc/asyncworker.md', 436, 420 ]
282 silly gunzTarPerm extractEntry LICENSE.md
283 silly gunzTarPerm extractEntry docs/fritzing/i2C_128x32_Uno.fzz
284 silly gunzTarPerm extractEntry History.md
285 silly gunzTarPerm modified mode [ 'History.md', 436, 420 ]
286 silly gunzTarPerm extractEntry doc/callback.md
287 silly gunzTarPerm modified mode [ 'doc/callback.md', 436, 420 ]
288 silly gunzTarPerm extractEntry doc/converters.md
289 silly gunzTarPerm modified mode [ 'doc/converters.md', 436, 420 ]
290 silly gunzTarPerm extractEntry docs/fritzing/i2C_128x32_Uno.png
291 silly gunzTarPerm extractEntry tests/tinyfont2.js
292 silly gunzTarPerm modified mode [ 'tests/tinyfont2.js', 416, 420 ]
293 silly gunzTarPerm extractEntry example/alert.js
294 silly gunzTarPerm modified mode [ 'example/alert.js', 436, 420 ]
295 silly gunzTarPerm extractEntry example/blinky.js
296 silly gunzTarPerm modified mode [ 'example/blinky.js', 436, 420 ]
297 silly gunzTarPerm extractEntry doc/errors.md
298 silly gunzTarPerm modified mode [ 'doc/errors.md', 436, 420 ]
299 silly gunzTarPerm extractEntry doc/json.md
300 silly gunzTarPerm modified mode [ 'doc/json.md', 436, 420 ]
301 silly gunzTarPerm extractEntry tests/demoTime_bt.js
302 silly gunzTarPerm extractEntry example/distance-hc-sr04.js
303 silly gunzTarPerm modified mode [ 'example/distance-hc-sr04.js', 436, 420 ]
304 silly gunzTarPerm extractEntry example/gpio-info.js
305 silly gunzTarPerm modified mode [ 'example/gpio-info.js', 436, 420 ]
306 silly gunzTarPerm extractEntry doc/maybe_types.md
307 silly gunzTarPerm modified mode [ 'doc/maybe_types.md', 436, 420 ]
308 silly gunzTarPerm extractEntry doc/methods.md
309 silly gunzTarPerm modified mode [ 'doc/methods.md', 436, 420 ]
310 silly gunzTarPerm extractEntry tests/font1.js
311 silly gunzTarPerm extractEntry tests/font2.js
312 silly gentlyRm /home/rat/Licenta/SmartH/node_modules/.staging/bindings-b3357720/node_modules is being purged
313 verbose gentlyRm don't care about contents; nuking /home/rat/Licenta/SmartH/node_modules/.staging/bindings-b3357720/node_modules
314 silly gunzTarPerm extractEntry example/light-switch.js
315 silly gunzTarPerm modified mode [ 'example/light-switch.js', 436, 420 ]
316 silly gunzTarPerm extractEntry example/pulse-led.js
317 silly gunzTarPerm modified mode [ 'example/pulse-led.js', 436, 420 ]
318 silly gunzTarPerm extractEntry doc/buffers.md
319 silly gunzTarPerm modified mode [ 'doc/buffers.md', 436, 420 ]
320 silly gunzTarPerm extractEntry doc/node_misc.md
321 silly gunzTarPerm modified mode [ 'doc/node_misc.md', 436, 420 ]
322 silly gunzTarPerm extractEntry tests/demoTime.js
323 silly gunzTarPerm extractEntry tests/tinyfont.js
324 silly gunzTarPerm modified mode [ 'tests/tinyfont.js', 416, 420 ]
325 silly gunzTarPerm extractEntry example/servo.js
326 silly gunzTarPerm modified mode [ 'example/servo.js', 436, 420 ]
327 silly gunzTarPerm extractEntry example/distance-hc-sr04.png
328 silly gunzTarPerm modified mode [ 'example/distance-hc-sr04.png', 436, 420 ]
329 silly gunzTarPerm extractEntry doc/object_wrappers.md
330 silly gunzTarPerm modified mode [ 'doc/object_wrappers.md', 436, 420 ]
331 silly gunzTarPerm extractEntry doc/persistent.md
332 silly gunzTarPerm modified mode [ 'doc/persistent.md', 436, 420 ]
333 silly gunzTarPerm extractEntry tests/test2.js
334 silly gunzTarPerm modified mode [ 'tests/test2.js', 416, 420 ]
335 silly gunzTarPerm extractEntry tests/tintfont3.js
336 silly gunzTarPerm modified mode [ 'tests/tintfont3.js', 416, 420 ]
337 silly gunzTarPerm extractEntry tests/font3.js
338 silly gunzTarPerm modified mode [ 'tests/font3.js', 416, 420 ]
339 silly gunzTarPerm extractEntry doc/scopes.md
340 silly gunzTarPerm modified mode [ 'doc/scopes.md', 436, 420 ]
341 silly gunzTarPerm extractEntry doc/script.md
342 silly gunzTarPerm modified mode [ 'doc/script.md', 436, 420 ]
343 silly gunzTarPerm extractEntry tests/images/cat-128x64.png
344 silly gunzTarPerm extractEntry tests/images/cat-microview.png
345 silly gunzTarPerm extractEntry tests/images/cat.png
346 silly gentlyRm /home/rat/Licenta/SmartH/node_modules/.staging/oled-font-5x7-97963e61/node_modules is being purged
347 verbose gentlyRm don't care about contents; nuking /home/rat/Licenta/SmartH/node_modules/.staging/oled-font-5x7-97963e61/node_modules
348 silly gunzTarPerm extractEntry tests/images/noopkat-mono.png
349 silly gunzTarPerm extractEntry doc/string_bytes.md
350 silly gunzTarPerm modified mode [ 'doc/string_bytes.md', 436, 420 ]
351 silly gunzTarPerm extractEntry doc/v8_internals.md
352 silly gunzTarPerm modified mode [ 'doc/v8_internals.md', 436, 420 ]
353 silly gunzTarPerm extractEntry tests/images/noopkat.png
354 silly gunzTarPerm modified mode [ 'tests/images/noopkat.png', 438, 420 ]
355 silly gunzTarPerm extractEntry tests/images/parrot-tiny.png
356 silly gunzTarPerm extractEntry tests/buffers/adafruitLogoBuf.js
357 silly gunzTarPerm modified mode [ 'tests/buffers/adafruitLogoBuf.js', 436, 420 ]
358 silly gunzTarPerm extractEntry example/pigpio.png
359 silly gunzTarPerm modified mode [ 'example/pigpio.png', 436, 420 ]
360 silly gunzTarPerm extractEntry doc/v8_misc.md
361 silly gunzTarPerm modified mode [ 'doc/v8_misc.md', 436, 420 ]
362 silly gunzTarPerm extractEntry nan.h
363 silly gunzTarPerm modified mode [ 'nan.h', 436, 420 ]
364 silly gunzTarPerm extractEntry nan_callbacks.h
365 silly gunzTarPerm modified mode [ 'nan_callbacks.h', 436, 420 ]
366 silly gunzTarPerm extractEntry nan_callbacks_12_inl.h
367 silly gunzTarPerm modified mode [ 'nan_callbacks_12_inl.h', 436, 420 ]
368 silly gunzTarPerm extractEntry nan_callbacks_pre_12_inl.h
369 silly gunzTarPerm modified mode [ 'nan_callbacks_pre_12_inl.h', 436, 420 ]
370 silly gunzTarPerm extractEntry nan_converters.h
371 silly gunzTarPerm modified mode [ 'nan_converters.h', 436, 420 ]
372 silly gunzTarPerm extractEntry nan_converters_pre_43_inl.h
373 silly gunzTarPerm modified mode [ 'nan_converters_pre_43_inl.h', 436, 420 ]
374 silly gunzTarPerm extractEntry nan_implementation_12_inl.h
375 silly gunzTarPerm modified mode [ 'nan_implementation_12_inl.h', 436, 420 ]
376 silly gunzTarPerm extractEntry nan_implementation_pre_12_inl.h
377 silly gunzTarPerm modified mode [ 'nan_implementation_pre_12_inl.h', 436, 420 ]
378 silly gunzTarPerm extractEntry nan_json.h
379 silly gunzTarPerm modified mode [ 'nan_json.h', 436, 420 ]
380 silly gunzTarPerm extractEntry nan_maybe_43_inl.h
381 silly gunzTarPerm modified mode [ 'nan_maybe_43_inl.h', 436, 420 ]
382 silly gunzTarPerm extractEntry test/alert-pwm-measurement.js
383 silly gunzTarPerm modified mode [ 'test/alert-pwm-measurement.js', 436, 420 ]
384 silly gunzTarPerm extractEntry test/gpio-mode.js
385 silly gunzTarPerm modified mode [ 'test/gpio-mode.js', 436, 420 ]
386 silly gunzTarPerm extractEntry test/gpio-numbers.js
387 silly gunzTarPerm modified mode [ 'test/gpio-numbers.js', 436, 420 ]
388 silly gunzTarPerm extractEntry nan_maybe_pre_43_inl.h
389 silly gunzTarPerm modified mode [ 'nan_maybe_pre_43_inl.h', 436, 420 ]
390 silly gunzTarPerm extractEntry nan_new.h
391 silly gunzTarPerm modified mode [ 'nan_new.h', 436, 420 ]
392 silly gunzTarPerm extractEntry test/hardware-revision.js
393 silly gunzTarPerm modified mode [ 'test/hardware-revision.js', 436, 420 ]
394 silly gunzTarPerm extractEntry test/do-nothing.js
395 silly gunzTarPerm modified mode [ 'test/do-nothing.js', 436, 420 ]
396 silly gunzTarPerm extractEntry test/alert-trigger-pulse-measurement.js
397 silly gunzTarPerm modified mode [ 'test/alert-trigger-pulse-measurement.js', 436, 420 ]
398 silly gunzTarPerm extractEntry test/isr-performance.js
399 silly gunzTarPerm modified mode [ 'test/isr-performance.js', 436, 420 ]
400 silly gunzTarPerm extractEntry nan_object_wrap.h
401 silly gunzTarPerm modified mode [ 'nan_object_wrap.h', 436, 420 ]
402 silly gunzTarPerm extractEntry nan_persistent_12_inl.h
403 silly gunzTarPerm modified mode [ 'nan_persistent_12_inl.h', 436, 420 ]
404 silly gunzTarPerm extractEntry test/isr-timeouts-2.js
405 silly gunzTarPerm modified mode [ 'test/isr-timeouts-2.js', 436, 420 ]
406 silly gunzTarPerm extractEntry test/isr-timeouts.js
407 silly gunzTarPerm modified mode [ 'test/isr-timeouts.js', 436, 420 ]
408 silly gunzTarPerm extractEntry test/light-switch.js
409 silly gunzTarPerm modified mode [ 'test/light-switch.js', 436, 420 ]
410 silly gunzTarPerm extractEntry test/digital-write-performance.js
411 silly gunzTarPerm modified mode [ 'test/digital-write-performance.js', 436, 420 ]
412 silly gunzTarPerm extractEntry nan_persistent_pre_12_inl.h
413 silly gunzTarPerm modified mode [ 'nan_persistent_pre_12_inl.h', 436, 420 ]
414 silly gunzTarPerm extractEntry nan_private.h
415 silly gunzTarPerm modified mode [ 'nan_private.h', 436, 420 ]
416 silly gunzTarPerm extractEntry test/notifier-leak-check.js
417 silly gunzTarPerm modified mode [ 'test/notifier-leak-check.js', 436, 420 ]
418 silly gunzTarPerm extractEntry test/digital-read-performance.js
419 silly gunzTarPerm modified mode [ 'test/digital-read-performance.js', 436, 420 ]
420 silly gunzTarPerm extractEntry test/notifier-pwm.js
421 silly gunzTarPerm modified mode [ 'test/notifier-pwm.js', 436, 420 ]
422 silly gunzTarPerm extractEntry test/servo-control.js
423 silly gunzTarPerm modified mode [ 'test/servo-control.js', 436, 420 ]
424 silly gunzTarPerm extractEntry nan_string_bytes.h
425 silly gunzTarPerm modified mode [ 'nan_string_bytes.h', 436, 420 ]
426 silly gunzTarPerm extractEntry nan_typedarray_contents.h
427 silly gunzTarPerm modified mode [ 'nan_typedarray_contents.h', 436, 420 ]
428 silly gunzTarPerm extractEntry test/notifier-stress.js
429 silly gunzTarPerm modified mode [ 'test/notifier-stress.js', 436, 420 ]
430 silly gunzTarPerm extractEntry test/blinky.js
431 silly gunzTarPerm modified mode [ 'test/blinky.js', 436, 420 ]
432 silly gunzTarPerm extractEntry test/notifier.js
433 silly gunzTarPerm modified mode [ 'test/notifier.js', 436, 420 ]
434 silly gunzTarPerm extractEntry nan_weak.h
435 silly gunzTarPerm modified mode [ 'nan_weak.h', 436, 420 ]
436 silly gunzTarPerm extractEntry CHANGELOG.md
437 silly gunzTarPerm modified mode [ 'CHANGELOG.md', 436, 420 ]
438 silly gunzTarPerm extractEntry test/blinky-pwm.js
439 silly gunzTarPerm modified mode [ 'test/blinky-pwm.js', 436, 420 ]
440 silly gunzTarPerm extractEntry test/pull-up-down.js
441 silly gunzTarPerm modified mode [ 'test/pull-up-down.js', 436, 420 ]
442 silly gunzTarPerm extractEntry test/banked-leds.js
443 silly gunzTarPerm modified mode [ 'test/banked-leds.js', 436, 420 ]
444 silly gunzTarPerm extractEntry test/pulse-led.js
445 silly gunzTarPerm modified mode [ 'test/pulse-led.js', 436, 420 ]
446 silly gunzTarPerm extractEntry tools/package.json
447 silly gunzTarPerm modified mode [ 'tools/package.json', 436, 420 ]
448 silly gunzTarPerm extractEntry tools/README.md
449 silly gunzTarPerm modified mode [ 'tools/README.md', 436, 420 ]
450 silly gunzTarPerm extractEntry test/alert.js
451 silly gunzTarPerm modified mode [ 'test/alert.js', 436, 420 ]
452 silly gunzTarPerm extractEntry test/pwm.js
453 silly gunzTarPerm modified mode [ 'test/pwm.js', 436, 420 ]
454 silly gunzTarPerm extractEntry test/isr-enable-disable.js
455 silly gunzTarPerm modified mode [ 'test/isr-enable-disable.js', 436, 420 ]
456 silly gunzTarPerm extractEntry test/trigger-led.js
457 silly gunzTarPerm modified mode [ 'test/trigger-led.js', 436, 420 ]
458 silly gunzTarPerm extractEntry tools/1to2.js
459 silly gunzTarPerm modified mode [ 'tools/1to2.js', 509, 493 ]
460 silly gunzTarPerm extractEntry test/isr-multiple-sources.js
461 silly gunzTarPerm modified mode [ 'test/isr-multiple-sources.js', 436, 420 ]
462 silly gunzTarPerm extractEntry test/run-tests
463 silly gunzTarPerm modified mode [ 'test/run-tests', 509, 493 ]
464 silly gunzTarPerm extractEntry test/c-interface/blinky.js
465 silly gunzTarPerm modified mode [ 'test/c-interface/blinky.js', 436, 420 ]
466 silly gunzTarPerm extractEntry test/c-interface/do-nothing.js
467 silly gunzTarPerm modified mode [ 'test/c-interface/do-nothing.js', 436, 420 ]
468 silly gunzTarPerm extractEntry test/c-interface/gpio-write-performance.js
469 silly gunzTarPerm modified mode [ 'test/c-interface/gpio-write-performance.js', 436, 420 ]
470 silly gunzTarPerm extractEntry test/c-interface/irq-dynamic.js
471 silly gunzTarPerm modified mode [ 'test/c-interface/irq-dynamic.js', 436, 420 ]
472 silly gunzTarPerm extractEntry test/c-interface/irq-handle-2-inputs.js
473 silly gunzTarPerm modified mode [ 'test/c-interface/irq-handle-2-inputs.js', 436, 420 ]
474 silly gunzTarPerm extractEntry test/c-interface/irq-performance.js
475 silly gunzTarPerm modified mode [ 'test/c-interface/irq-performance.js', 436, 420 ]
476 silly gunzTarPerm extractEntry test/c-interface/irq-watch-unwatch.js
477 silly gunzTarPerm modified mode [ 'test/c-interface/irq-watch-unwatch.js', 436, 420 ]
478 silly gunzTarPerm extractEntry test/c-interface/light-switch.js
479 silly gunzTarPerm modified mode [ 'test/c-interface/light-switch.js', 436, 420 ]
480 silly gunzTarPerm extractEntry test/c-interface/pwm-pulse-10-leds.js
481 silly gunzTarPerm modified mode [ 'test/c-interface/pwm-pulse-10-leds.js', 436, 420 ]
482 silly gunzTarPerm extractEntry test/c-interface/run-tests
483 silly gunzTarPerm modified mode [ 'test/c-interface/run-tests', 509, 493 ]
484 silly gunzTarPerm extractEntry binding.gyp
485 silly gunzTarPerm modified mode [ 'binding.gyp', 436, 420 ]
486 silly gunzTarPerm extractEntry src/pigpio.cc
487 silly gunzTarPerm modified mode [ 'src/pigpio.cc', 436, 420 ]
488 silly gunzTarPerm extractEntry doc/configuration.md
489 silly gunzTarPerm modified mode [ 'doc/configuration.md', 436, 420 ]
490 silly gunzTarPerm extractEntry doc/gpio.md
491 silly gunzTarPerm modified mode [ 'doc/gpio.md', 436, 420 ]
492 silly gunzTarPerm extractEntry doc/gpiobank.md
493 silly gunzTarPerm modified mode [ 'doc/gpiobank.md', 436, 420 ]
494 silly gunzTarPerm extractEntry doc/notifier.md
495 silly gunzTarPerm modified mode [ 'doc/notifier.md', 436, 420 ]
496 silly gentlyRm /home/rat/Licenta/SmartH/node_modules/.staging/oled-js-be25c3fb/node_modules is being purged
497 verbose gentlyRm don't care about contents; nuking /home/rat/Licenta/SmartH/node_modules/.staging/oled-js-be25c3fb/node_modules
498 silly gentlyRm /home/rat/Licenta/SmartH/node_modules/.staging/nan-1fbda1fd/node_modules is being purged
499 verbose gentlyRm don't care about contents; nuking /home/rat/Licenta/SmartH/node_modules/.staging/nan-1fbda1fd/node_modules
500 silly gentlyRm /home/rat/Licenta/SmartH/node_modules/.staging/pigpio-28b7a024/node_modules is being purged
501 verbose gentlyRm don't care about contents; nuking /home/rat/Licenta/SmartH/node_modules/.staging/pigpio-28b7a024/node_modules
502 silly doParallel preinstall 5
503 silly preinstall bindings@1.2.1 /home/rat/Licenta/SmartH/node_modules/.staging/bindings-b3357720
504 info lifecycle bindings@1.2.1~preinstall: bindings@1.2.1
505 silly preinstall nan@2.6.2 /home/rat/Licenta/SmartH/node_modules/.staging/nan-1fbda1fd
506 info lifecycle nan@2.6.2~preinstall: nan@2.6.2
507 silly preinstall oled-font-5x7@1.0.0 /home/rat/Licenta/SmartH/node_modules/.staging/oled-font-5x7-97963e61
508 info lifecycle oled-font-5x7@1.0.0~preinstall: oled-font-5x7@1.0.0
509 silly preinstall oled-js@4.0.2 /home/rat/Licenta/SmartH/node_modules/.staging/oled-js-be25c3fb
510 info lifecycle oled-js@4.0.2~preinstall: oled-js@4.0.2
511 silly preinstall pigpio@0.6.0 /home/rat/Licenta/SmartH/node_modules/.staging/pigpio-28b7a024
512 info lifecycle pigpio@0.6.0~preinstall: pigpio@0.6.0
513 silly lifecycle bindings@1.2.1~preinstall: no script for preinstall, continuing
514 silly lifecycle nan@2.6.2~preinstall: no script for preinstall, continuing
515 silly lifecycle oled-font-5x7@1.0.0~preinstall: no script for preinstall, continuing
516 silly lifecycle oled-js@4.0.2~preinstall: no script for preinstall, continuing
517 silly lifecycle pigpio@0.6.0~preinstall: no script for preinstall, continuing
518 silly doReverseSerial remove 6
519 silly remove /home/rat/Licenta/SmartH/node_modules/serialport/node_modules/node-pre-gyp/node_modules/request/node_modules/http-signature
520 verbose unbuild node_modules/serialport/node_modules/node-pre-gyp/node_modules/request/node_modules/http-signature
521 silly gentlyRm /home/rat/Licenta/SmartH/node_modules/serialport/node_modules/node-pre-gyp/node_modules/request/node_modules/http-signature is being purged from base /home/rat/Licenta/SmartH
522 verbose gentlyRm don't care about contents; nuking /home/rat/Licenta/SmartH/node_modules/serialport/node_modules/node-pre-gyp/node_modules/request/node_modules/http-signature
523 silly vacuum-fs purging /home/rat/Licenta/SmartH/node_modules/serialport/node_modules/node-pre-gyp/node_modules/request/node_modules/http-signature
524 silly vacuum-fs quitting because other entries in /home/rat/Licenta/SmartH/node_modules/serialport/node_modules/node-pre-gyp/node_modules/request/node_modules
525 silly remove /home/rat/Licenta/SmartH/node_modules/serialport/node_modules/node-pre-gyp/node_modules/request
526 verbose unbuild node_modules/serialport/node_modules/node-pre-gyp/node_modules/request
527 silly gentlyRm /home/rat/Licenta/SmartH/node_modules/serialport/node_modules/node-pre-gyp/node_modules/request is being purged from base /home/rat/Licenta/SmartH
528 verbose gentlyRm don't care about contents; nuking /home/rat/Licenta/SmartH/node_modules/serialport/node_modules/node-pre-gyp/node_modules/request
529 silly vacuum-fs purging /home/rat/Licenta/SmartH/node_modules/serialport/node_modules/node-pre-gyp/node_modules/request
530 silly vacuum-fs quitting because other entries in /home/rat/Licenta/SmartH/node_modules/serialport/node_modules/node-pre-gyp/node_modules
531 silly remove /home/rat/Licenta/SmartH/node_modules/serialport/node_modules/node-pre-gyp/node_modules/rc
532 verbose unbuild node_modules/serialport/node_modules/node-pre-gyp/node_modules/rc
533 silly gentlyRm /home/rat/Licenta/SmartH/node_modules/serialport/node_modules/node-pre-gyp/node_modules/rc is being purged from base /home/rat/Licenta/SmartH
534 verbose gentlyRm don't care about contents; nuking /home/rat/Licenta/SmartH/node_modules/serialport/node_modules/node-pre-gyp/node_modules/rc
535 silly vacuum-fs purging /home/rat/Licenta/SmartH/node_modules/serialport/node_modules/node-pre-gyp/node_modules/rc
536 silly vacuum-fs quitting because other entries in /home/rat/Licenta/SmartH/node_modules/serialport/node_modules/node-pre-gyp/node_modules
537 silly remove /home/rat/Licenta/SmartH/node_modules/serialport/node_modules/node-pre-gyp/node_modules/npmlog/node_modules/gauge
538 verbose unbuild node_modules/serialport/node_modules/node-pre-gyp/node_modules/npmlog/node_modules/gauge
539 silly gentlyRm /home/rat/Licenta/SmartH/node_modules/serialport/node_modules/node-pre-gyp/node_modules/npmlog/node_modules/gauge is being purged from base /home/rat/Licenta/SmartH
540 verbose gentlyRm don't care about contents; nuking /home/rat/Licenta/SmartH/node_modules/serialport/node_modules/node-pre-gyp/node_modules/npmlog/node_modules/gauge
541 silly vacuum-fs purging /home/rat/Licenta/SmartH/node_modules/serialport/node_modules/node-pre-gyp/node_modules/npmlog/node_modules/gauge
542 silly vacuum-fs quitting because other entries in /home/rat/Licenta/SmartH/node_modules/serialport/node_modules/node-pre-gyp/node_modules/npmlog/node_modules
543 silly remove /home/rat/Licenta/SmartH/node_modules/serialport/node_modules/node-pre-gyp/node_modules/npmlog
544 verbose unbuild node_modules/serialport/node_modules/node-pre-gyp/node_modules/npmlog
545 silly gentlyRm /home/rat/Licenta/SmartH/node_modules/serialport/node_modules/node-pre-gyp/node_modules/npmlog is being purged from base /home/rat/Licenta/SmartH
546 verbose gentlyRm don't care about contents; nuking /home/rat/Licenta/SmartH/node_modules/serialport/node_modules/node-pre-gyp/node_modules/npmlog
547 silly vacuum-fs purging /home/rat/Licenta/SmartH/node_modules/serialport/node_modules/node-pre-gyp/node_modules/npmlog
548 silly vacuum-fs quitting because other entries in /home/rat/Licenta/SmartH/node_modules/serialport/node_modules/node-pre-gyp/node_modules
549 silly remove /home/rat/Licenta/SmartH/node_modules/serialport/node_modules/node-pre-gyp
550 verbose unbuild node_modules/serialport/node_modules/node-pre-gyp
551 silly gentlyRm /home/rat/Licenta/SmartH/node_modules/serialport/node_modules/node-pre-gyp is being purged from base /home/rat/Licenta/SmartH
552 verbose gentlyRm don't care about contents; nuking /home/rat/Licenta/SmartH/node_modules/serialport/node_modules/node-pre-gyp
553 silly vacuum-fs purging /home/rat/Licenta/SmartH/node_modules/serialport/node_modules/node-pre-gyp
554 silly vacuum-fs quitting because other entries in /home/rat/Licenta/SmartH/node_modules/serialport/node_modules
555 silly doSerial move 0
556 silly doSerial finalize 5
557 silly finalize /home/rat/Licenta/SmartH/node_modules/bindings
558 silly finalize /home/rat/Licenta/SmartH/node_modules/nan
559 silly finalize /home/rat/Licenta/SmartH/node_modules/oled-font-5x7
560 silly finalize /home/rat/Licenta/SmartH/node_modules/oled-js
561 silly finalize /home/rat/Licenta/SmartH/node_modules/pigpio
562 silly doSerial build 5
563 silly build bindings@1.2.1
564 info linkStuff bindings@1.2.1
565 silly linkStuff bindings@1.2.1 has /home/rat/Licenta/SmartH/node_modules as its parent node_modules
566 verbose linkBins bindings@1.2.1
567 verbose linkMans bindings@1.2.1
568 silly build nan@2.6.2
569 info linkStuff nan@2.6.2
570 silly linkStuff nan@2.6.2 has /home/rat/Licenta/SmartH/node_modules as its parent node_modules
571 verbose linkBins nan@2.6.2
572 verbose linkMans nan@2.6.2
573 silly build oled-font-5x7@1.0.0
574 info linkStuff oled-font-5x7@1.0.0
575 silly linkStuff oled-font-5x7@1.0.0 has /home/rat/Licenta/SmartH/node_modules as its parent node_modules
576 verbose linkBins oled-font-5x7@1.0.0
577 verbose linkMans oled-font-5x7@1.0.0
578 silly build oled-js@4.0.2
579 info linkStuff oled-js@4.0.2
580 silly linkStuff oled-js@4.0.2 has /home/rat/Licenta/SmartH/node_modules as its parent node_modules
581 verbose linkBins oled-js@4.0.2
582 verbose linkMans oled-js@4.0.2
583 silly build pigpio@0.6.0
584 info linkStuff pigpio@0.6.0
585 silly linkStuff pigpio@0.6.0 has /home/rat/Licenta/SmartH/node_modules as its parent node_modules
586 verbose linkBins pigpio@0.6.0
587 verbose linkMans pigpio@0.6.0
588 silly doSerial global-link 0
589 silly doParallel update-linked 0
590 silly doSerial install 5
591 silly install bindings@1.2.1 /home/rat/Licenta/SmartH/node_modules/.staging/bindings-b3357720
592 info lifecycle bindings@1.2.1~install: bindings@1.2.1
593 silly lifecycle bindings@1.2.1~install: no script for install, continuing
594 silly install nan@2.6.2 /home/rat/Licenta/SmartH/node_modules/.staging/nan-1fbda1fd
595 info lifecycle nan@2.6.2~install: nan@2.6.2
596 silly lifecycle nan@2.6.2~install: no script for install, continuing
597 silly install oled-font-5x7@1.0.0 /home/rat/Licenta/SmartH/node_modules/.staging/oled-font-5x7-97963e61
598 info lifecycle oled-font-5x7@1.0.0~install: oled-font-5x7@1.0.0
599 silly lifecycle oled-font-5x7@1.0.0~install: no script for install, continuing
600 silly install oled-js@4.0.2 /home/rat/Licenta/SmartH/node_modules/.staging/oled-js-be25c3fb
601 info lifecycle oled-js@4.0.2~install: oled-js@4.0.2
602 silly lifecycle oled-js@4.0.2~install: no script for install, continuing
603 silly install pigpio@0.6.0 /home/rat/Licenta/SmartH/node_modules/.staging/pigpio-28b7a024
604 info lifecycle pigpio@0.6.0~install: pigpio@0.6.0
605 verbose lifecycle pigpio@0.6.0~install: unsafe-perm in lifecycle false
606 verbose lifecycle pigpio@0.6.0~install: PATH: /usr/share/npm/bin/node-gyp-bin:/home/rat/Licenta/SmartH/node_modules/pigpio/node_modules/.bin:/home/rat/Licenta/SmartH/node_modules/.bin:/usr/local/sbin:/usr/local/bin:/usr/sbin:/usr/bin:/sbin:/bin:/snap/bin
607 verbose lifecycle pigpio@0.6.0~install: CWD: /home/rat/Licenta/SmartH/node_modules/pigpio
608 silly lifecycle pigpio@0.6.0~install: Args: [ '-c', 'node-gyp rebuild' ]
609 silly lifecycle pigpio@0.6.0~install: Returned: code: 1  signal: null
610 info lifecycle pigpio@0.6.0~install: Failed to exec install script
611 verbose unlock done using /home/rat/.npm/_locks/staging-c1cd4c929aa3056d.lock for /home/rat/Licenta/SmartH/node_modules/.staging
612 silly rollbackFailedOptional Starting
613 silly rollbackFailedOptional Finishing
614 silly runTopLevelLifecycles Starting
615 silly runTopLevelLifecycles Finishing
616 silly install printInstalled
617 warn enoent ENOENT: no such file or directory, open '/home/rat/Licenta/SmartH/node_modules/serialport/package.json'
618 verbose stack Error: pigpio@0.6.0 install: `node-gyp rebuild`
618 verbose stack Exit status 1
618 verbose stack     at EventEmitter.<anonymous> (/usr/share/npm/lib/utils/lifecycle.js:232:16)
618 verbose stack     at emitTwo (events.js:87:13)
618 verbose stack     at EventEmitter.emit (events.js:172:7)
618 verbose stack     at ChildProcess.<anonymous> (/usr/share/npm/lib/utils/spawn.js:24:14)
618 verbose stack     at emitTwo (events.js:87:13)
618 verbose stack     at ChildProcess.emit (events.js:172:7)
618 verbose stack     at maybeClose (internal/child_process.js:821:16)
618 verbose stack     at Process.ChildProcess._handle.onexit (internal/child_process.js:211:5)
619 verbose pkgid pigpio@0.6.0
620 verbose cwd /home/rat/Licenta/SmartH
621 error Linux 4.4.0-78-generic
622 error argv "/usr/bin/nodejs" "/usr/bin/npm" "install" "pigpio" "--save"
623 error node v4.2.6
624 error npm  v3.5.2
625 error code ELIFECYCLE
626 error pigpio@0.6.0 install: `node-gyp rebuild`
626 error Exit status 1
627 error Failed at the pigpio@0.6.0 install script 'node-gyp rebuild'.
627 error Make sure you have the latest version of node.js and npm installed.
627 error If you do, this is most likely a problem with the pigpio package,
627 error not with npm itself.
627 error Tell the author that this fails on your system:
627 error     node-gyp rebuild
627 error You can get information on how to open an issue for this project with:
627 error     npm bugs pigpio
627 error Or if that isn't available, you can get their info via:
627 error     npm owner ls pigpio
627 error There is likely additional logging output above.
628 verbose exit [ 1, true ]
